<?xml version="1.0" encoding="UTF-8"?>
<coverage generated="1629257060297" clover="3.2.0">
  <project timestamp="1629257060297" name="All files">
    <metrics statements="235" coveredstatements="235" conditionals="89" coveredconditionals="89" methods="69" coveredmethods="69" elements="393" coveredelements="393" complexity="0" loc="235" ncloc="235" packages="11" files="11" classes="11"/>
    <package name="src">
      <metrics statements="1" coveredstatements="1" conditionals="0" coveredconditionals="0" methods="1" coveredmethods="1"/>
      <file name="App.js" path="/Users/aaron1013_chen/Documents/git/react/src/App.js">
        <metrics statements="1" coveredstatements="1" conditionals="0" coveredconditionals="0" methods="1" coveredmethods="1"/>
        <line num="21" count="1" type="stmt"/>
      </file>
    </package>
    <package name="src.api">
      <metrics statements="9" coveredstatements="9" conditionals="0" coveredconditionals="0" methods="6" coveredmethods="6"/>
      <file name="api.js" path="/Users/aaron1013_chen/Documents/git/react/src/api/api.js">
        <metrics statements="9" coveredstatements="9" conditionals="0" coveredconditionals="0" methods="6" coveredmethods="6"/>
        <line num="3" count="4" type="stmt"/>
        <line num="5" count="4" type="stmt"/>
        <line num="6" count="65" type="stmt"/>
        <line num="8" count="6" type="stmt"/>
        <line num="13" count="6" type="stmt"/>
        <line num="17" count="65" type="stmt"/>
        <line num="18" count="4" type="stmt"/>
        <line num="19" count="4" type="stmt"/>
        <line num="20" count="4" type="stmt"/>
      </file>
    </package>
    <package name="src.components.NumberLists">
      <metrics statements="168" coveredstatements="168" conditionals="73" coveredconditionals="73" methods="42" coveredmethods="42"/>
      <file name="index.js" path="/Users/aaron1013_chen/Documents/git/react/src/components/NumberLists/index.js">
        <metrics statements="168" coveredstatements="168" conditionals="73" coveredconditionals="73" methods="42" coveredmethods="42"/>
        <line num="20" count="2" type="stmt"/>
        <line num="22" count="346" type="stmt"/>
        <line num="27" count="346" type="stmt"/>
        <line num="36" count="346" type="stmt"/>
        <line num="39" count="346" type="stmt"/>
        <line num="44" count="346" type="stmt"/>
        <line num="49" count="346" type="stmt"/>
        <line num="53" count="346" type="stmt"/>
        <line num="59" count="346" type="stmt"/>
        <line num="60" count="346" type="stmt"/>
        <line num="61" count="346" type="stmt"/>
        <line num="63" count="346" type="stmt"/>
        <line num="66" count="346" type="stmt"/>
        <line num="67" count="346" type="stmt"/>
        <line num="68" count="346" type="stmt"/>
        <line num="70" count="346" type="stmt"/>
        <line num="77" count="346" type="stmt"/>
        <line num="81" count="346" type="stmt"/>
        <line num="82" count="346" type="stmt"/>
        <line num="89" count="346" type="stmt"/>
        <line num="92" count="346" type="stmt"/>
        <line num="93" count="2" type="stmt"/>
        <line num="94" count="2" type="stmt"/>
        <line num="99" count="346" type="stmt"/>
        <line num="100" count="53" type="stmt"/>
        <line num="101" count="53" type="cond" truecount="2" falsecount="0"/>
        <line num="102" count="43" type="stmt"/>
        <line num="104" count="53" type="cond" truecount="2" falsecount="0"/>
        <line num="105" count="43" type="stmt"/>
        <line num="107" count="53" type="stmt"/>
        <line num="108" count="50" type="cond" truecount="2" falsecount="0"/>
        <line num="109" count="49" type="cond" truecount="2" falsecount="0"/>
        <line num="110" count="28" type="stmt"/>
        <line num="111" count="28" type="stmt"/>
        <line num="112" count="28" type="cond" truecount="2" falsecount="0"/>
        <line num="113" count="1" type="stmt"/>
        <line num="114" count="1" type="stmt"/>
        <line num="118" count="1" type="stmt"/>
        <line num="122" count="346" type="stmt"/>
        <line num="123" count="53" type="stmt"/>
        <line num="124" count="53" type="stmt"/>
        <line num="125" count="53" type="cond" truecount="2" falsecount="0"/>
        <line num="126" count="53" type="stmt"/>
        <line num="128" count="53" type="stmt"/>
        <line num="133" count="346" type="stmt"/>
        <line num="134" count="10" type="stmt"/>
        <line num="140" count="10" type="cond" truecount="4" falsecount="0"/>
        <line num="141" count="8" type="stmt"/>
        <line num="142" count="8" type="stmt"/>
        <line num="144" count="2" type="stmt"/>
        <line num="145" count="2" type="stmt"/>
        <line num="147" count="10" type="stmt"/>
        <line num="150" count="346" type="stmt"/>
        <line num="152" count="692" type="cond" truecount="3" falsecount="0"/>
        <line num="154" count="18" type="stmt"/>
        <line num="155" count="18" type="stmt"/>
        <line num="157" count="2" type="stmt"/>
        <line num="158" count="2" type="stmt"/>
        <line num="160" count="672" type="stmt"/>
        <line num="161" count="672" type="stmt"/>
        <line num="163" count="692" type="stmt"/>
        <line num="166" count="346" type="stmt"/>
        <line num="167" count="9" type="stmt"/>
        <line num="175" count="346" type="stmt"/>
        <line num="176" count="5" type="stmt"/>
        <line num="180" count="5" type="stmt"/>
        <line num="183" count="346" type="stmt"/>
        <line num="184" count="5" type="stmt"/>
        <line num="189" count="5" type="cond" truecount="2" falsecount="0"/>
        <line num="190" count="4" type="stmt"/>
        <line num="192" count="5" type="cond" truecount="2" falsecount="0"/>
        <line num="193" count="4" type="stmt"/>
        <line num="195" count="5" type="cond" truecount="2" falsecount="0"/>
        <line num="196" count="4" type="stmt"/>
        <line num="198" count="5" type="cond" truecount="3" falsecount="0"/>
        <line num="202" count="346" type="stmt"/>
        <line num="203" count="9" type="stmt"/>
        <line num="204" count="9" type="stmt"/>
        <line num="205" count="9" type="stmt"/>
        <line num="206" count="9" type="cond" truecount="3" falsecount="0"/>
        <line num="207" count="9" type="stmt"/>
        <line num="210" count="346" type="stmt"/>
        <line num="211" count="4" type="stmt"/>
        <line num="212" count="4" type="cond" truecount="2" falsecount="0"/>
        <line num="213" count="3" type="cond" truecount="2" falsecount="0"/>
        <line num="214" count="2" type="stmt"/>
        <line num="215" count="2" type="stmt"/>
        <line num="216" count="2" type="stmt"/>
        <line num="217" count="2" type="cond" truecount="2" falsecount="0"/>
        <line num="218" count="1" type="stmt"/>
        <line num="220" count="2" type="stmt"/>
        <line num="221" count="2" type="stmt"/>
        <line num="223" count="3" type="stmt"/>
        <line num="225" count="1" type="stmt"/>
        <line num="230" count="346" type="stmt"/>
        <line num="231" count="4" type="stmt"/>
        <line num="237" count="4" type="stmt"/>
        <line num="241" count="346" type="stmt"/>
        <line num="242" count="4" type="stmt"/>
        <line num="243" count="4" type="stmt"/>
        <line num="244" count="4" type="cond" truecount="2" falsecount="0"/>
        <line num="245" count="3" type="stmt"/>
        <line num="246" count="3" type="stmt"/>
        <line num="247" count="3" type="stmt"/>
        <line num="248" count="3" type="cond" truecount="2" falsecount="0"/>
        <line num="249" count="2" type="cond" truecount="2" falsecount="0"/>
        <line num="250" count="1" type="stmt"/>
        <line num="253" count="3" type="stmt"/>
        <line num="254" count="3" type="stmt"/>
        <line num="255" count="3" type="stmt"/>
        <line num="257" count="1" type="stmt"/>
        <line num="262" count="346" type="stmt"/>
        <line num="263" count="4" type="stmt"/>
        <line num="267" count="4" type="stmt"/>
        <line num="271" count="346" type="stmt"/>
        <line num="272" count="3" type="stmt"/>
        <line num="273" count="3" type="stmt"/>
        <line num="274" count="3" type="cond" truecount="2" falsecount="0"/>
        <line num="275" count="2" type="stmt"/>
        <line num="276" count="2" type="stmt"/>
        <line num="277" count="2" type="stmt"/>
        <line num="278" count="2" type="cond" truecount="2" falsecount="0"/>
        <line num="279" count="1" type="stmt"/>
        <line num="281" count="2" type="stmt"/>
        <line num="282" count="2" type="stmt"/>
        <line num="283" count="2" type="stmt"/>
        <line num="285" count="1" type="stmt"/>
        <line num="290" count="346" type="stmt"/>
        <line num="291" count="1757" type="stmt"/>
        <line num="300" count="346" type="stmt"/>
        <line num="313" count="44" type="stmt"/>
        <line num="326" count="9" type="stmt"/>
        <line num="340" count="9" type="stmt"/>
        <line num="353" count="8" type="stmt"/>
        <line num="365" count="8" type="stmt"/>
        <line num="370" count="10" type="stmt"/>
        <line num="371" count="1" type="stmt"/>
        <line num="395" count="1757" type="stmt"/>
        <line num="406" count="4" type="stmt"/>
        <line num="407" count="4" type="stmt"/>
        <line num="408" count="4" type="stmt"/>
        <line num="420" count="4" type="stmt"/>
        <line num="421" count="4" type="stmt"/>
        <line num="437" count="5" type="stmt"/>
        <line num="443" count="9" type="stmt"/>
        <line num="450" count="3" type="stmt"/>
        <line num="459" count="1" type="stmt"/>
        <line num="468" count="9" type="cond" truecount="2" falsecount="0"/>
        <line num="469" count="8" type="cond" truecount="2" falsecount="0"/>
        <line num="470" count="4" type="stmt"/>
        <line num="471" count="4" type="stmt"/>
        <line num="472" count="4" type="stmt"/>
        <line num="474" count="4" type="stmt"/>
        <line num="475" count="4" type="stmt"/>
        <line num="477" count="8" type="stmt"/>
        <line num="488" count="52" type="stmt"/>
        <line num="501" count="8" type="stmt"/>
        <line num="514" count="8" type="stmt"/>
        <line num="526" count="1" type="stmt"/>
        <line num="527" count="1" type="stmt"/>
        <line num="528" count="1" type="stmt"/>
        <line num="551" count="1" type="stmt"/>
        <line num="554" count="3" type="stmt"/>
        <line num="555" count="3" type="stmt"/>
        <line num="560" count="1" type="stmt"/>
        <line num="578" count="1757" type="stmt"/>
        <line num="596" count="1" type="stmt"/>
        <line num="606" count="1" type="stmt"/>
      </file>
    </package>
    <package name="src.components.footer">
      <metrics statements="1" coveredstatements="1" conditionals="0" coveredconditionals="0" methods="1" coveredmethods="1"/>
      <file name="index.js" path="/Users/aaron1013_chen/Documents/git/react/src/components/footer/index.js">
        <metrics statements="1" coveredstatements="1" conditionals="0" coveredconditionals="0" methods="1" coveredmethods="1"/>
        <line num="5" count="1" type="stmt"/>
      </file>
    </package>
    <package name="src.components.header">
      <metrics statements="1" coveredstatements="1" conditionals="0" coveredconditionals="0" methods="1" coveredmethods="1"/>
      <file name="index.js" path="/Users/aaron1013_chen/Documents/git/react/src/components/header/index.js">
        <metrics statements="1" coveredstatements="1" conditionals="0" coveredconditionals="0" methods="1" coveredmethods="1"/>
        <line num="7" count="1" type="stmt"/>
      </file>
    </package>
    <package name="src.components.menu">
      <metrics statements="14" coveredstatements="14" conditionals="2" coveredconditionals="2" methods="6" coveredmethods="6"/>
      <file name="index.js" path="/Users/aaron1013_chen/Documents/git/react/src/components/menu/index.js">
        <metrics statements="14" coveredstatements="14" conditionals="2" coveredconditionals="2" methods="6" coveredmethods="6"/>
        <line num="9" count="2" type="stmt"/>
        <line num="11" count="14" type="stmt"/>
        <line num="13" count="14" type="stmt"/>
        <line num="15" count="14" type="stmt"/>
        <line num="16" count="4" type="stmt"/>
        <line num="17" count="4" type="stmt"/>
        <line num="20" count="14" type="stmt"/>
        <line num="27" count="14" type="stmt"/>
        <line num="32" count="56" type="stmt"/>
        <line num="38" count="4" type="stmt"/>
        <line num="47" count="2" type="stmt"/>
        <line num="48" count="2" type="stmt"/>
        <line num="56" count="2" type="stmt"/>
        <line num="57" count="2" type="stmt"/>
      </file>
    </package>
    <package name="src.components.sidebar">
      <metrics statements="1" coveredstatements="1" conditionals="0" coveredconditionals="0" methods="1" coveredmethods="1"/>
      <file name="index.js" path="/Users/aaron1013_chen/Documents/git/react/src/components/sidebar/index.js">
        <metrics statements="1" coveredstatements="1" conditionals="0" coveredconditionals="0" methods="1" coveredmethods="1"/>
        <line num="5" count="1" type="stmt"/>
      </file>
    </package>
    <package name="src.pages.enable">
      <metrics statements="17" coveredstatements="17" conditionals="6" coveredconditionals="6" methods="4" coveredmethods="4"/>
      <file name="index.js" path="/Users/aaron1013_chen/Documents/git/react/src/pages/enable/index.js">
        <metrics statements="17" coveredstatements="17" conditionals="6" coveredconditionals="6" methods="4" coveredmethods="4"/>
        <line num="12" count="2" type="stmt"/>
        <line num="14" count="12" type="stmt"/>
        <line num="16" count="12" type="stmt"/>
        <line num="20" count="12" type="stmt"/>
        <line num="21" count="6" type="stmt"/>
        <line num="22" count="6" type="stmt"/>
        <line num="23" count="5" type="cond" truecount="2" falsecount="0"/>
        <line num="24" count="4" type="cond" truecount="2" falsecount="0"/>
        <line num="25" count="3" type="stmt"/>
        <line num="28" count="1" type="stmt"/>
        <line num="32" count="12" type="stmt"/>
        <line num="33" count="6" type="stmt"/>
        <line num="34" count="6" type="stmt"/>
        <line num="35" count="6" type="cond" truecount="2" falsecount="0"/>
        <line num="37" count="6" type="stmt"/>
        <line num="39" count="6" type="stmt"/>
        <line num="43" count="12" type="stmt"/>
      </file>
    </package>
    <package name="src.pages.home">
      <metrics statements="5" coveredstatements="5" conditionals="2" coveredconditionals="2" methods="2" coveredmethods="2"/>
      <file name="index.js" path="/Users/aaron1013_chen/Documents/git/react/src/pages/home/index.js">
        <metrics statements="5" coveredstatements="5" conditionals="2" coveredconditionals="2" methods="2" coveredmethods="2"/>
        <line num="10" count="1" type="stmt"/>
        <line num="12" count="3" type="stmt"/>
        <line num="14" count="3" type="stmt"/>
        <line num="15" count="1" type="cond" truecount="2" falsecount="0"/>
        <line num="18" count="3" type="stmt"/>
      </file>
    </package>
    <package name="src.pages.locked">
      <metrics statements="17" coveredstatements="17" conditionals="6" coveredconditionals="6" methods="4" coveredmethods="4"/>
      <file name="index.js" path="/Users/aaron1013_chen/Documents/git/react/src/pages/locked/index.js">
        <metrics statements="17" coveredstatements="17" conditionals="6" coveredconditionals="6" methods="4" coveredmethods="4"/>
        <line num="13" count="2" type="stmt"/>
        <line num="15" count="12" type="stmt"/>
        <line num="17" count="12" type="stmt"/>
        <line num="20" count="12" type="stmt"/>
        <line num="21" count="6" type="stmt"/>
        <line num="22" count="6" type="stmt"/>
        <line num="23" count="5" type="cond" truecount="2" falsecount="0"/>
        <line num="24" count="4" type="cond" truecount="2" falsecount="0"/>
        <line num="25" count="3" type="stmt"/>
        <line num="28" count="1" type="stmt"/>
        <line num="32" count="12" type="stmt"/>
        <line num="33" count="6" type="stmt"/>
        <line num="34" count="6" type="stmt"/>
        <line num="35" count="6" type="cond" truecount="2" falsecount="0"/>
        <line num="36" count="6" type="stmt"/>
        <line num="38" count="6" type="stmt"/>
        <line num="42" count="12" type="stmt"/>
      </file>
    </package>
    <package name="src.pages.myAccount">
      <metrics statements="1" coveredstatements="1" conditionals="0" coveredconditionals="0" methods="1" coveredmethods="1"/>
      <file name="index.js" path="/Users/aaron1013_chen/Documents/git/react/src/pages/myAccount/index.js">
        <metrics statements="1" coveredstatements="1" conditionals="0" coveredconditionals="0" methods="1" coveredmethods="1"/>
        <line num="5" count="1" type="stmt"/>
      </file>
    </package>
  </project>
</coverage>
