{"/Users/aaron1013_chen/Documents/git/react/src/App.js": {"path":"/Users/aaron1013_chen/Documents/git/react/src/App.js","statementMap":{"0":{"start":{"line":21,"column":2},"end":{"line":49,"column":4}}},"fnMap":{"0":{"name":"App","decl":{"start":{"line":20,"column":9},"end":{"line":20,"column":12}},"loc":{"start":{"line":20,"column":15},"end":{"line":50,"column":1}},"line":20}},"branchMap":{},"s":{"0":1},"f":{"0":1},"b":{},"_coverageSchema":"1a1c01bbd47fc00a2c39e90264f33305004495a9","hash":"2af2ed7ba8005142b46f026ac449a5ce4618e025"}
,"/Users/aaron1013_chen/Documents/git/react/src/api/api.js": {"path":"/Users/aaron1013_chen/Documents/git/react/src/api/api.js","statementMap":{"0":{"start":{"line":3,"column":27},"end":{"line":3,"column":43}},"1":{"start":{"line":5,"column":0},"end":{"line":15,"column":2}},"2":{"start":{"line":6,"column":16},"end":{"line":6,"column":24}},"3":{"start":{"line":8,"column":25},"end":{"line":12,"column":5}},"4":{"start":{"line":13,"column":4},"end":{"line":13,"column":24}},"5":{"start":{"line":17,"column":23},"end":{"line":17,"column":79}},"6":{"start":{"line":17,"column":33},"end":{"line":17,"column":79}},"7":{"start":{"line":18,"column":26},"end":{"line":18,"column":70}},"8":{"start":{"line":18,"column":36},"end":{"line":18,"column":70}},"9":{"start":{"line":19,"column":26},"end":{"line":19,"column":81}},"10":{"start":{"line":19,"column":36},"end":{"line":19,"column":81}},"11":{"start":{"line":20,"column":26},"end":{"line":20,"column":71}},"12":{"start":{"line":20,"column":34},"end":{"line":20,"column":71}}},"fnMap":{"0":{"name":"(anonymous_0)","decl":{"start":{"line":6,"column":2},"end":{"line":6,"column":3}},"loc":{"start":{"line":6,"column":16},"end":{"line":6,"column":24}},"line":6},"1":{"name":"(anonymous_1)","decl":{"start":{"line":7,"column":2},"end":{"line":7,"column":3}},"loc":{"start":{"line":7,"column":13},"end":{"line":14,"column":3}},"line":7},"2":{"name":"(anonymous_2)","decl":{"start":{"line":17,"column":23},"end":{"line":17,"column":24}},"loc":{"start":{"line":17,"column":33},"end":{"line":17,"column":79}},"line":17},"3":{"name":"(anonymous_3)","decl":{"start":{"line":18,"column":26},"end":{"line":18,"column":27}},"loc":{"start":{"line":18,"column":36},"end":{"line":18,"column":70}},"line":18},"4":{"name":"(anonymous_4)","decl":{"start":{"line":19,"column":26},"end":{"line":19,"column":27}},"loc":{"start":{"line":19,"column":36},"end":{"line":19,"column":81}},"line":19},"5":{"name":"(anonymous_5)","decl":{"start":{"line":20,"column":26},"end":{"line":20,"column":27}},"loc":{"start":{"line":20,"column":34},"end":{"line":20,"column":71}},"line":20}},"branchMap":{},"s":{"0":4,"1":4,"2":65,"3":6,"4":6,"5":4,"6":65,"7":4,"8":4,"9":4,"10":4,"11":4,"12":3},"f":{"0":65,"1":6,"2":65,"3":4,"4":4,"5":3},"b":{},"_coverageSchema":"1a1c01bbd47fc00a2c39e90264f33305004495a9","hash":"f38dbab1e1360fef2246364b1520fc20051df682"}
,"/Users/aaron1013_chen/Documents/git/react/src/components/NumberLists/index.js": {"path":"/Users/aaron1013_chen/Documents/git/react/src/components/NumberLists/index.js","statementMap":{"0":{"start":{"line":20,"column":20},"end":{"line":617,"column":1}},"1":{"start":{"line":22,"column":24},"end":{"line":26,"column":3}},"2":{"start":{"line":27,"column":20},"end":{"line":33,"column":3}},"3":{"start":{"line":36,"column":16},"end":{"line":36,"column":32}},"4":{"start":{"line":39,"column":23},"end":{"line":43,"column":3}},"5":{"start":{"line":44,"column":23},"end":{"line":48,"column":3}},"6":{"start":{"line":49,"column":21},"end":{"line":52,"column":3}},"7":{"start":{"line":53,"column":21},"end":{"line":56,"column":3}},"8":{"start":{"line":59,"column":32},"end":{"line":59,"column":51}},"9":{"start":{"line":60,"column":34},"end":{"line":60,"column":46}},"10":{"start":{"line":61,"column":34},"end":{"line":61,"column":57}},"11":{"start":{"line":63,"column":36},"end":{"line":63,"column":55}},"12":{"start":{"line":66,"column":40},"end":{"line":66,"column":55}},"13":{"start":{"line":67,"column":44},"end":{"line":67,"column":59}},"14":{"start":{"line":68,"column":40},"end":{"line":68,"column":55}},"15":{"start":{"line":70,"column":34},"end":{"line":75,"column":4}},"16":{"start":{"line":77,"column":38},"end":{"line":79,"column":4}},"17":{"start":{"line":81,"column":44},"end":{"line":81,"column":59}},"18":{"start":{"line":82,"column":24},"end":{"line":88,"column":3}},"19":{"start":{"line":89,"column":21},"end":{"line":89,"column":23}},"20":{"start":{"line":92,"column":20},"end":{"line":95,"column":3}},"21":{"start":{"line":93,"column":4},"end":{"line":93,"column":26}},"22":{"start":{"line":94,"column":4},"end":{"line":94,"column":28}},"23":{"start":{"line":99,"column":20},"end":{"line":120,"column":3}},"24":{"start":{"line":100,"column":18},"end":{"line":100,"column":29}},"25":{"start":{"line":101,"column":4},"end":{"line":103,"column":5}},"26":{"start":{"line":102,"column":6},"end":{"line":102,"column":24}},"27":{"start":{"line":104,"column":4},"end":{"line":106,"column":5}},"28":{"start":{"line":105,"column":6},"end":{"line":105,"column":24}},"29":{"start":{"line":107,"column":19},"end":{"line":107,"column":39}},"30":{"start":{"line":108,"column":4},"end":{"line":119,"column":5}},"31":{"start":{"line":109,"column":6},"end":{"line":116,"column":7}},"32":{"start":{"line":110,"column":8},"end":{"line":110,"column":37}},"33":{"start":{"line":111,"column":8},"end":{"line":111,"column":44}},"34":{"start":{"line":112,"column":8},"end":{"line":115,"column":9}},"35":{"start":{"line":113,"column":10},"end":{"line":113,"column":40}},"36":{"start":{"line":114,"column":10},"end":{"line":114,"column":22}},"37":{"start":{"line":118,"column":6},"end":{"line":118,"column":66}},"38":{"start":{"line":122,"column":2},"end":{"line":130,"column":16}},"39":{"start":{"line":123,"column":4},"end":{"line":123,"column":21}},"40":{"start":{"line":124,"column":4},"end":{"line":124,"column":23}},"41":{"start":{"line":125,"column":4},"end":{"line":125,"column":56}},"42":{"start":{"line":126,"column":4},"end":{"line":129,"column":6}},"43":{"start":{"line":128,"column":6},"end":{"line":128,"column":24}},"44":{"start":{"line":133,"column":21},"end":{"line":148,"column":3}},"45":{"start":{"line":134,"column":24},"end":{"line":138,"column":5}},"46":{"start":{"line":140,"column":4},"end":{"line":146,"column":5}},"47":{"start":{"line":141,"column":6},"end":{"line":141,"column":95}},"48":{"start":{"line":142,"column":6},"end":{"line":142,"column":111}},"49":{"start":{"line":144,"column":6},"end":{"line":144,"column":40}},"50":{"start":{"line":145,"column":6},"end":{"line":145,"column":38}},"51":{"start":{"line":147,"column":4},"end":{"line":147,"column":23}},"52":{"start":{"line":150,"column":25},"end":{"line":164,"column":3}},"53":{"start":{"line":152,"column":4},"end":{"line":162,"column":5}},"54":{"start":{"line":154,"column":8},"end":{"line":154,"column":20}},"55":{"start":{"line":155,"column":8},"end":{"line":155,"column":14}},"56":{"start":{"line":157,"column":8},"end":{"line":157,"column":20}},"57":{"start":{"line":158,"column":8},"end":{"line":158,"column":14}},"58":{"start":{"line":160,"column":8},"end":{"line":160,"column":20}},"59":{"start":{"line":161,"column":8},"end":{"line":161,"column":14}},"60":{"start":{"line":163,"column":4},"end":{"line":163,"column":16}},"61":{"start":{"line":166,"column":26},"end":{"line":172,"column":3}},"62":{"start":{"line":167,"column":4},"end":{"line":171,"column":7}},"63":{"start":{"line":175,"column":21},"end":{"line":181,"column":3}},"64":{"start":{"line":176,"column":24},"end":{"line":179,"column":5}},"65":{"start":{"line":180,"column":4},"end":{"line":180,"column":28}},"66":{"start":{"line":183,"column":21},"end":{"line":199,"column":3}},"67":{"start":{"line":184,"column":22},"end":{"line":188,"column":5}},"68":{"start":{"line":189,"column":4},"end":{"line":191,"column":5}},"69":{"start":{"line":190,"column":6},"end":{"line":190,"column":80}},"70":{"start":{"line":192,"column":4},"end":{"line":194,"column":5}},"71":{"start":{"line":193,"column":6},"end":{"line":193,"column":62}},"72":{"start":{"line":195,"column":4},"end":{"line":197,"column":5}},"73":{"start":{"line":196,"column":6},"end":{"line":196,"column":62}},"74":{"start":{"line":198,"column":4},"end":{"line":198,"column":70}},"75":{"start":{"line":202,"column":21},"end":{"line":208,"column":3}},"76":{"start":{"line":203,"column":22},"end":{"line":203,"column":39}},"77":{"start":{"line":204,"column":24},"end":{"line":204,"column":47}},"78":{"start":{"line":205,"column":24},"end":{"line":205,"column":47}},"79":{"start":{"line":206,"column":23},"end":{"line":206,"column":62}},"80":{"start":{"line":207,"column":4},"end":{"line":207,"column":22}},"81":{"start":{"line":210,"column":20},"end":{"line":227,"column":3}},"82":{"start":{"line":211,"column":19},"end":{"line":211,"column":45}},"83":{"start":{"line":212,"column":4},"end":{"line":226,"column":5}},"84":{"start":{"line":213,"column":6},"end":{"line":222,"column":7}},"85":{"start":{"line":214,"column":26},"end":{"line":214,"column":40}},"86":{"start":{"line":215,"column":28},"end":{"line":215,"column":48}},"87":{"start":{"line":216,"column":25},"end":{"line":216,"column":63}},"88":{"start":{"line":217,"column":8},"end":{"line":219,"column":9}},"89":{"start":{"line":218,"column":10},"end":{"line":218,"column":58}},"90":{"start":{"line":220,"column":21},"end":{"line":220,"column":84}},"91":{"start":{"line":221,"column":8},"end":{"line":221,"column":25}},"92":{"start":{"line":223,"column":6},"end":{"line":223,"column":42}},"93":{"start":{"line":225,"column":6},"end":{"line":225,"column":66}},"94":{"start":{"line":230,"column":21},"end":{"line":238,"column":3}},"95":{"start":{"line":231,"column":21},"end":{"line":236,"column":5}},"96":{"start":{"line":237,"column":4},"end":{"line":237,"column":26}},"97":{"start":{"line":241,"column":20},"end":{"line":259,"column":3}},"98":{"start":{"line":242,"column":21},"end":{"line":242,"column":36}},"99":{"start":{"line":243,"column":19},"end":{"line":243,"column":45}},"100":{"start":{"line":244,"column":4},"end":{"line":258,"column":5}},"101":{"start":{"line":245,"column":24},"end":{"line":245,"column":38}},"102":{"start":{"line":246,"column":26},"end":{"line":246,"column":46}},"103":{"start":{"line":247,"column":23},"end":{"line":247,"column":44}},"104":{"start":{"line":248,"column":6},"end":{"line":252,"column":7}},"105":{"start":{"line":249,"column":8},"end":{"line":251,"column":9}},"106":{"start":{"line":250,"column":10},"end":{"line":250,"column":87}},"107":{"start":{"line":253,"column":19},"end":{"line":253,"column":59}},"108":{"start":{"line":254,"column":6},"end":{"line":254,"column":23}},"109":{"start":{"line":255,"column":6},"end":{"line":255,"column":41}},"110":{"start":{"line":257,"column":6},"end":{"line":257,"column":66}},"111":{"start":{"line":262,"column":21},"end":{"line":268,"column":3}},"112":{"start":{"line":263,"column":21},"end":{"line":266,"column":5}},"113":{"start":{"line":267,"column":4},"end":{"line":267,"column":28}},"114":{"start":{"line":271,"column":20},"end":{"line":287,"column":3}},"115":{"start":{"line":272,"column":21},"end":{"line":272,"column":38}},"116":{"start":{"line":273,"column":19},"end":{"line":273,"column":48}},"117":{"start":{"line":274,"column":4},"end":{"line":286,"column":5}},"118":{"start":{"line":275,"column":24},"end":{"line":275,"column":38}},"119":{"start":{"line":276,"column":26},"end":{"line":276,"column":46}},"120":{"start":{"line":277,"column":23},"end":{"line":277,"column":44}},"121":{"start":{"line":278,"column":6},"end":{"line":280,"column":7}},"122":{"start":{"line":279,"column":8},"end":{"line":279,"column":85}},"123":{"start":{"line":281,"column":19},"end":{"line":281,"column":59}},"124":{"start":{"line":282,"column":6},"end":{"line":282,"column":23}},"125":{"start":{"line":283,"column":6},"end":{"line":283,"column":39}},"126":{"start":{"line":285,"column":6},"end":{"line":285,"column":66}},"127":{"start":{"line":290,"column":25},"end":{"line":298,"column":3}},"128":{"start":{"line":291,"column":4},"end":{"line":297,"column":7}},"129":{"start":{"line":300,"column":2},"end":{"line":616,"column":4}},"130":{"start":{"line":313,"column":22},"end":{"line":313,"column":79}},"131":{"start":{"line":326,"column":34},"end":{"line":326,"column":88}},"132":{"start":{"line":340,"column":34},"end":{"line":340,"column":86}},"133":{"start":{"line":353,"column":22},"end":{"line":353,"column":77}},"134":{"start":{"line":365,"column":22},"end":{"line":365,"column":77}},"135":{"start":{"line":370,"column":77},"end":{"line":370,"column":119}},"136":{"start":{"line":371,"column":77},"end":{"line":371,"column":88}},"137":{"start":{"line":395,"column":16},"end":{"line":427,"column":28}},"138":{"start":{"line":406,"column":24},"end":{"line":406,"column":41}},"139":{"start":{"line":407,"column":24},"end":{"line":407,"column":45}},"140":{"start":{"line":408,"column":24},"end":{"line":408,"column":45}},"141":{"start":{"line":420,"column":24},"end":{"line":420,"column":41}},"142":{"start":{"line":421,"column":24},"end":{"line":421,"column":47}},"143":{"start":{"line":437,"column":43},"end":{"line":437,"column":72}},"144":{"start":{"line":443,"column":27},"end":{"line":443,"column":47}},"145":{"start":{"line":450,"column":27},"end":{"line":450,"column":49}},"146":{"start":{"line":459,"column":23},"end":{"line":459,"column":44}},"147":{"start":{"line":468,"column":14},"end":{"line":478,"column":15}},"148":{"start":{"line":469,"column":16},"end":{"line":476,"column":17}},"149":{"start":{"line":470,"column":18},"end":{"line":470,"column":30}},"150":{"start":{"line":471,"column":18},"end":{"line":471,"column":40}},"151":{"start":{"line":472,"column":18},"end":{"line":472,"column":36}},"152":{"start":{"line":474,"column":18},"end":{"line":474,"column":30}},"153":{"start":{"line":475,"column":18},"end":{"line":475,"column":36}},"154":{"start":{"line":477,"column":16},"end":{"line":477,"column":38}},"155":{"start":{"line":488,"column":18},"end":{"line":488,"column":73}},"156":{"start":{"line":501,"column":18},"end":{"line":501,"column":85}},"157":{"start":{"line":514,"column":18},"end":{"line":514,"column":85}},"158":{"start":{"line":526,"column":14},"end":{"line":526,"column":36}},"159":{"start":{"line":527,"column":14},"end":{"line":527,"column":32}},"160":{"start":{"line":528,"column":14},"end":{"line":528,"column":36}},"161":{"start":{"line":551,"column":10},"end":{"line":551,"column":34}},"162":{"start":{"line":554,"column":10},"end":{"line":554,"column":22}},"163":{"start":{"line":555,"column":10},"end":{"line":555,"column":34}},"164":{"start":{"line":560,"column":23},"end":{"line":560,"column":46}},"165":{"start":{"line":578,"column":18},"end":{"line":585,"column":30}},"166":{"start":{"line":596,"column":14},"end":{"line":596,"column":38}},"167":{"start":{"line":606,"column":14},"end":{"line":606,"column":38}}},"fnMap":{"0":{"name":"(anonymous_0)","decl":{"start":{"line":20,"column":20},"end":{"line":20,"column":21}},"loc":{"start":{"line":20,"column":26},"end":{"line":617,"column":1}},"line":20},"1":{"name":"(anonymous_1)","decl":{"start":{"line":92,"column":20},"end":{"line":92,"column":21}},"loc":{"start":{"line":92,"column":26},"end":{"line":95,"column":3}},"line":92},"2":{"name":"(anonymous_2)","decl":{"start":{"line":99,"column":20},"end":{"line":99,"column":21}},"loc":{"start":{"line":99,"column":36},"end":{"line":120,"column":3}},"line":99},"3":{"name":"(anonymous_3)","decl":{"start":{"line":122,"column":12},"end":{"line":122,"column":13}},"loc":{"start":{"line":122,"column":18},"end":{"line":130,"column":3}},"line":122},"4":{"name":"(anonymous_4)","decl":{"start":{"line":126,"column":11},"end":{"line":126,"column":12}},"loc":{"start":{"line":126,"column":17},"end":{"line":129,"column":5}},"line":126},"5":{"name":"(anonymous_5)","decl":{"start":{"line":133,"column":21},"end":{"line":133,"column":22}},"loc":{"start":{"line":133,"column":50},"end":{"line":148,"column":3}},"line":133},"6":{"name":"(anonymous_6)","decl":{"start":{"line":150,"column":25},"end":{"line":150,"column":26}},"loc":{"start":{"line":150,"column":41},"end":{"line":164,"column":3}},"line":150},"7":{"name":"(anonymous_7)","decl":{"start":{"line":166,"column":26},"end":{"line":166,"column":27}},"loc":{"start":{"line":166,"column":32},"end":{"line":172,"column":3}},"line":166},"8":{"name":"(anonymous_8)","decl":{"start":{"line":175,"column":21},"end":{"line":175,"column":22}},"loc":{"start":{"line":175,"column":46},"end":{"line":181,"column":3}},"line":175},"9":{"name":"(anonymous_9)","decl":{"start":{"line":183,"column":21},"end":{"line":183,"column":22}},"loc":{"start":{"line":183,"column":46},"end":{"line":199,"column":3}},"line":183},"10":{"name":"(anonymous_10)","decl":{"start":{"line":202,"column":21},"end":{"line":202,"column":22}},"loc":{"start":{"line":202,"column":35},"end":{"line":208,"column":3}},"line":202},"11":{"name":"(anonymous_11)","decl":{"start":{"line":210,"column":20},"end":{"line":210,"column":21}},"loc":{"start":{"line":210,"column":32},"end":{"line":227,"column":3}},"line":210},"12":{"name":"(anonymous_12)","decl":{"start":{"line":230,"column":21},"end":{"line":230,"column":22}},"loc":{"start":{"line":230,"column":38},"end":{"line":238,"column":3}},"line":230},"13":{"name":"(anonymous_13)","decl":{"start":{"line":241,"column":20},"end":{"line":241,"column":21}},"loc":{"start":{"line":241,"column":32},"end":{"line":259,"column":3}},"line":241},"14":{"name":"(anonymous_14)","decl":{"start":{"line":262,"column":21},"end":{"line":262,"column":22}},"loc":{"start":{"line":262,"column":38},"end":{"line":268,"column":3}},"line":262},"15":{"name":"(anonymous_15)","decl":{"start":{"line":271,"column":20},"end":{"line":271,"column":21}},"loc":{"start":{"line":271,"column":32},"end":{"line":287,"column":3}},"line":271},"16":{"name":"(anonymous_16)","decl":{"start":{"line":290,"column":25},"end":{"line":290,"column":26}},"loc":{"start":{"line":290,"column":35},"end":{"line":298,"column":3}},"line":290},"17":{"name":"(anonymous_17)","decl":{"start":{"line":312,"column":30},"end":{"line":312,"column":31}},"loc":{"start":{"line":312,"column":47},"end":{"line":314,"column":21}},"line":312},"18":{"name":"(anonymous_18)","decl":{"start":{"line":326,"column":24},"end":{"line":326,"column":25}},"loc":{"start":{"line":326,"column":34},"end":{"line":326,"column":88}},"line":326},"19":{"name":"(anonymous_19)","decl":{"start":{"line":340,"column":24},"end":{"line":340,"column":25}},"loc":{"start":{"line":340,"column":34},"end":{"line":340,"column":86}},"line":340},"20":{"name":"(anonymous_20)","decl":{"start":{"line":352,"column":30},"end":{"line":352,"column":31}},"loc":{"start":{"line":352,"column":47},"end":{"line":354,"column":21}},"line":352},"21":{"name":"(anonymous_21)","decl":{"start":{"line":364,"column":30},"end":{"line":364,"column":31}},"loc":{"start":{"line":364,"column":47},"end":{"line":366,"column":21}},"line":364},"22":{"name":"(anonymous_22)","decl":{"start":{"line":370,"column":71},"end":{"line":370,"column":72}},"loc":{"start":{"line":370,"column":77},"end":{"line":370,"column":119}},"line":370},"23":{"name":"(anonymous_23)","decl":{"start":{"line":371,"column":71},"end":{"line":371,"column":72}},"loc":{"start":{"line":371,"column":77},"end":{"line":371,"column":88}},"line":371},"24":{"name":"(anonymous_24)","decl":{"start":{"line":394,"column":27},"end":{"line":394,"column":28}},"loc":{"start":{"line":395,"column":16},"end":{"line":427,"column":28}},"line":395},"25":{"name":"(anonymous_25)","decl":{"start":{"line":405,"column":31},"end":{"line":405,"column":32}},"loc":{"start":{"line":405,"column":37},"end":{"line":409,"column":23}},"line":405},"26":{"name":"(anonymous_26)","decl":{"start":{"line":419,"column":31},"end":{"line":419,"column":32}},"loc":{"start":{"line":419,"column":37},"end":{"line":422,"column":23}},"line":419},"27":{"name":"(anonymous_27)","decl":{"start":{"line":437,"column":26},"end":{"line":437,"column":27}},"loc":{"start":{"line":437,"column":43},"end":{"line":437,"column":72}},"line":437},"28":{"name":"(anonymous_28)","decl":{"start":{"line":443,"column":21},"end":{"line":443,"column":22}},"loc":{"start":{"line":443,"column":27},"end":{"line":443,"column":47}},"line":443},"29":{"name":"(anonymous_29)","decl":{"start":{"line":450,"column":21},"end":{"line":450,"column":22}},"loc":{"start":{"line":450,"column":27},"end":{"line":450,"column":49}},"line":450},"30":{"name":"(anonymous_30)","decl":{"start":{"line":459,"column":17},"end":{"line":459,"column":18}},"loc":{"start":{"line":459,"column":23},"end":{"line":459,"column":44}},"line":459},"31":{"name":"(anonymous_31)","decl":{"start":{"line":467,"column":22},"end":{"line":467,"column":23}},"loc":{"start":{"line":467,"column":28},"end":{"line":479,"column":13}},"line":467},"32":{"name":"(anonymous_32)","decl":{"start":{"line":487,"column":26},"end":{"line":487,"column":27}},"loc":{"start":{"line":487,"column":43},"end":{"line":489,"column":17}},"line":487},"33":{"name":"(anonymous_33)","decl":{"start":{"line":500,"column":26},"end":{"line":500,"column":27}},"loc":{"start":{"line":500,"column":43},"end":{"line":502,"column":17}},"line":500},"34":{"name":"(anonymous_34)","decl":{"start":{"line":513,"column":26},"end":{"line":513,"column":27}},"loc":{"start":{"line":513,"column":43},"end":{"line":515,"column":17}},"line":513},"35":{"name":"(anonymous_35)","decl":{"start":{"line":525,"column":21},"end":{"line":525,"column":22}},"loc":{"start":{"line":525,"column":27},"end":{"line":529,"column":13}},"line":525},"36":{"name":"(anonymous_36)","decl":{"start":{"line":550,"column":18},"end":{"line":550,"column":19}},"loc":{"start":{"line":550,"column":24},"end":{"line":552,"column":9}},"line":550},"37":{"name":"(anonymous_37)","decl":{"start":{"line":553,"column":19},"end":{"line":553,"column":20}},"loc":{"start":{"line":553,"column":25},"end":{"line":556,"column":9}},"line":553},"38":{"name":"(anonymous_38)","decl":{"start":{"line":560,"column":17},"end":{"line":560,"column":18}},"loc":{"start":{"line":560,"column":23},"end":{"line":560,"column":46}},"line":560},"39":{"name":"(anonymous_39)","decl":{"start":{"line":577,"column":29},"end":{"line":577,"column":30}},"loc":{"start":{"line":578,"column":18},"end":{"line":585,"column":30}},"line":578},"40":{"name":"(anonymous_40)","decl":{"start":{"line":595,"column":21},"end":{"line":595,"column":22}},"loc":{"start":{"line":595,"column":27},"end":{"line":597,"column":13}},"line":595},"41":{"name":"(anonymous_41)","decl":{"start":{"line":605,"column":21},"end":{"line":605,"column":22}},"loc":{"start":{"line":605,"column":27},"end":{"line":607,"column":13}},"line":605}},"branchMap":{"0":{"loc":{"start":{"line":101,"column":4},"end":{"line":103,"column":5}},"type":"if","locations":[{"start":{"line":101,"column":4},"end":{"line":103,"column":5}},{"start":{"line":101,"column":4},"end":{"line":103,"column":5}}],"line":101},"1":{"loc":{"start":{"line":104,"column":4},"end":{"line":106,"column":5}},"type":"if","locations":[{"start":{"line":104,"column":4},"end":{"line":106,"column":5}},{"start":{"line":104,"column":4},"end":{"line":106,"column":5}}],"line":104},"2":{"loc":{"start":{"line":108,"column":4},"end":{"line":119,"column":5}},"type":"if","locations":[{"start":{"line":108,"column":4},"end":{"line":119,"column":5}},{"start":{"line":108,"column":4},"end":{"line":119,"column":5}}],"line":108},"3":{"loc":{"start":{"line":109,"column":6},"end":{"line":116,"column":7}},"type":"if","locations":[{"start":{"line":109,"column":6},"end":{"line":116,"column":7}},{"start":{"line":109,"column":6},"end":{"line":116,"column":7}}],"line":109},"4":{"loc":{"start":{"line":112,"column":8},"end":{"line":115,"column":9}},"type":"if","locations":[{"start":{"line":112,"column":8},"end":{"line":115,"column":9}},{"start":{"line":112,"column":8},"end":{"line":115,"column":9}}],"line":112},"5":{"loc":{"start":{"line":125,"column":24},"end":{"line":125,"column":54}},"type":"binary-expr","locations":[{"start":{"line":125,"column":24},"end":{"line":125,"column":43}},{"start":{"line":125,"column":47},"end":{"line":125,"column":54}}],"line":125},"6":{"loc":{"start":{"line":140,"column":4},"end":{"line":146,"column":5}},"type":"if","locations":[{"start":{"line":140,"column":4},"end":{"line":146,"column":5}},{"start":{"line":140,"column":4},"end":{"line":146,"column":5}}],"line":140},"7":{"loc":{"start":{"line":140,"column":8},"end":{"line":140,"column":66}},"type":"binary-expr","locations":[{"start":{"line":140,"column":8},"end":{"line":140,"column":36}},{"start":{"line":140,"column":40},"end":{"line":140,"column":66}}],"line":140},"8":{"loc":{"start":{"line":152,"column":4},"end":{"line":162,"column":5}},"type":"switch","locations":[{"start":{"line":153,"column":6},"end":{"line":155,"column":14}},{"start":{"line":156,"column":6},"end":{"line":158,"column":14}},{"start":{"line":159,"column":6},"end":{"line":161,"column":14}}],"line":152},"9":{"loc":{"start":{"line":189,"column":4},"end":{"line":191,"column":5}},"type":"if","locations":[{"start":{"line":189,"column":4},"end":{"line":191,"column":5}},{"start":{"line":189,"column":4},"end":{"line":191,"column":5}}],"line":189},"10":{"loc":{"start":{"line":192,"column":4},"end":{"line":194,"column":5}},"type":"if","locations":[{"start":{"line":192,"column":4},"end":{"line":194,"column":5}},{"start":{"line":192,"column":4},"end":{"line":194,"column":5}}],"line":192},"11":{"loc":{"start":{"line":195,"column":4},"end":{"line":197,"column":5}},"type":"if","locations":[{"start":{"line":195,"column":4},"end":{"line":197,"column":5}},{"start":{"line":195,"column":4},"end":{"line":197,"column":5}}],"line":195},"12":{"loc":{"start":{"line":198,"column":11},"end":{"line":198,"column":69}},"type":"binary-expr","locations":[{"start":{"line":198,"column":11},"end":{"line":198,"column":29}},{"start":{"line":198,"column":33},"end":{"line":198,"column":49}},{"start":{"line":198,"column":53},"end":{"line":198,"column":69}}],"line":198},"13":{"loc":{"start":{"line":206,"column":23},"end":{"line":206,"column":62}},"type":"binary-expr","locations":[{"start":{"line":206,"column":23},"end":{"line":206,"column":32}},{"start":{"line":206,"column":36},"end":{"line":206,"column":47}},{"start":{"line":206,"column":51},"end":{"line":206,"column":62}}],"line":206},"14":{"loc":{"start":{"line":212,"column":4},"end":{"line":226,"column":5}},"type":"if","locations":[{"start":{"line":212,"column":4},"end":{"line":226,"column":5}},{"start":{"line":212,"column":4},"end":{"line":226,"column":5}}],"line":212},"15":{"loc":{"start":{"line":213,"column":6},"end":{"line":222,"column":7}},"type":"if","locations":[{"start":{"line":213,"column":6},"end":{"line":222,"column":7}},{"start":{"line":213,"column":6},"end":{"line":222,"column":7}}],"line":213},"16":{"loc":{"start":{"line":217,"column":8},"end":{"line":219,"column":9}},"type":"if","locations":[{"start":{"line":217,"column":8},"end":{"line":219,"column":9}},{"start":{"line":217,"column":8},"end":{"line":219,"column":9}}],"line":217},"17":{"loc":{"start":{"line":244,"column":4},"end":{"line":258,"column":5}},"type":"if","locations":[{"start":{"line":244,"column":4},"end":{"line":258,"column":5}},{"start":{"line":244,"column":4},"end":{"line":258,"column":5}}],"line":244},"18":{"loc":{"start":{"line":248,"column":6},"end":{"line":252,"column":7}},"type":"if","locations":[{"start":{"line":248,"column":6},"end":{"line":252,"column":7}},{"start":{"line":248,"column":6},"end":{"line":252,"column":7}}],"line":248},"19":{"loc":{"start":{"line":249,"column":8},"end":{"line":251,"column":9}},"type":"if","locations":[{"start":{"line":249,"column":8},"end":{"line":251,"column":9}},{"start":{"line":249,"column":8},"end":{"line":251,"column":9}}],"line":249},"20":{"loc":{"start":{"line":274,"column":4},"end":{"line":286,"column":5}},"type":"if","locations":[{"start":{"line":274,"column":4},"end":{"line":286,"column":5}},{"start":{"line":274,"column":4},"end":{"line":286,"column":5}}],"line":274},"21":{"loc":{"start":{"line":278,"column":6},"end":{"line":280,"column":7}},"type":"if","locations":[{"start":{"line":278,"column":6},"end":{"line":280,"column":7}},{"start":{"line":278,"column":6},"end":{"line":280,"column":7}}],"line":278},"22":{"loc":{"start":{"line":295,"column":14},"end":{"line":295,"column":69}},"type":"cond-expr","locations":[{"start":{"line":295,"column":28},"end":{"line":295,"column":45}},{"start":{"line":295,"column":48},"end":{"line":295,"column":69}}],"line":295},"23":{"loc":{"start":{"line":296,"column":14},"end":{"line":296,"column":50}},"type":"cond-expr","locations":[{"start":{"line":296,"column":28},"end":{"line":296,"column":30}},{"start":{"line":296,"column":33},"end":{"line":296,"column":50}}],"line":296},"24":{"loc":{"start":{"line":399,"column":55},"end":{"line":399,"column":110}},"type":"cond-expr","locations":[{"start":{"line":399,"column":69},"end":{"line":399,"column":86}},{"start":{"line":399,"column":89},"end":{"line":399,"column":110}}],"line":399},"25":{"loc":{"start":{"line":400,"column":55},"end":{"line":400,"column":91}},"type":"cond-expr","locations":[{"start":{"line":400,"column":69},"end":{"line":400,"column":71}},{"start":{"line":400,"column":74},"end":{"line":400,"column":91}}],"line":400},"26":{"loc":{"start":{"line":462,"column":23},"end":{"line":462,"column":82}},"type":"cond-expr","locations":[{"start":{"line":462,"column":37},"end":{"line":462,"column":57}},{"start":{"line":462,"column":60},"end":{"line":462,"column":82}}],"line":462},"27":{"loc":{"start":{"line":468,"column":14},"end":{"line":478,"column":15}},"type":"if","locations":[{"start":{"line":468,"column":14},"end":{"line":478,"column":15}},{"start":{"line":468,"column":14},"end":{"line":478,"column":15}}],"line":468},"28":{"loc":{"start":{"line":469,"column":16},"end":{"line":476,"column":17}},"type":"if","locations":[{"start":{"line":469,"column":16},"end":{"line":476,"column":17}},{"start":{"line":469,"column":16},"end":{"line":476,"column":17}}],"line":469},"29":{"loc":{"start":{"line":503,"column":23},"end":{"line":503,"column":64}},"type":"binary-expr","locations":[{"start":{"line":503,"column":23},"end":{"line":503,"column":39}},{"start":{"line":503,"column":43},"end":{"line":503,"column":64}}],"line":503},"30":{"loc":{"start":{"line":516,"column":23},"end":{"line":516,"column":64}},"type":"binary-expr","locations":[{"start":{"line":516,"column":23},"end":{"line":516,"column":39}},{"start":{"line":516,"column":43},"end":{"line":516,"column":64}}],"line":516},"31":{"loc":{"start":{"line":534,"column":13},"end":{"line":534,"column":64}},"type":"cond-expr","locations":[{"start":{"line":534,"column":27},"end":{"line":534,"column":43}},{"start":{"line":534,"column":46},"end":{"line":534,"column":64}}],"line":534},"32":{"loc":{"start":{"line":545,"column":42},"end":{"line":545,"column":67}},"type":"binary-expr","locations":[{"start":{"line":545,"column":42},"end":{"line":545,"column":61}},{"start":{"line":545,"column":65},"end":{"line":545,"column":67}}],"line":545},"33":{"loc":{"start":{"line":582,"column":57},"end":{"line":582,"column":112}},"type":"cond-expr","locations":[{"start":{"line":582,"column":71},"end":{"line":582,"column":88}},{"start":{"line":582,"column":91},"end":{"line":582,"column":112}}],"line":582},"34":{"loc":{"start":{"line":583,"column":57},"end":{"line":583,"column":93}},"type":"cond-expr","locations":[{"start":{"line":583,"column":71},"end":{"line":583,"column":73}},{"start":{"line":583,"column":76},"end":{"line":583,"column":93}}],"line":583}},"s":{"0":2,"1":346,"2":346,"3":346,"4":346,"5":346,"6":346,"7":346,"8":346,"9":346,"10":346,"11":346,"12":346,"13":346,"14":346,"15":346,"16":346,"17":346,"18":346,"19":346,"20":346,"21":2,"22":2,"23":346,"24":53,"25":53,"26":43,"27":53,"28":43,"29":53,"30":50,"31":49,"32":28,"33":28,"34":28,"35":1,"36":1,"37":1,"38":346,"39":53,"40":53,"41":53,"42":53,"43":53,"44":346,"45":10,"46":10,"47":8,"48":8,"49":2,"50":2,"51":10,"52":346,"53":692,"54":18,"55":18,"56":2,"57":2,"58":672,"59":672,"60":692,"61":346,"62":9,"63":346,"64":5,"65":5,"66":346,"67":5,"68":5,"69":4,"70":5,"71":4,"72":5,"73":4,"74":5,"75":346,"76":9,"77":9,"78":9,"79":9,"80":9,"81":346,"82":4,"83":4,"84":3,"85":2,"86":2,"87":2,"88":2,"89":1,"90":2,"91":2,"92":3,"93":1,"94":346,"95":4,"96":4,"97":346,"98":4,"99":4,"100":4,"101":3,"102":3,"103":3,"104":3,"105":2,"106":1,"107":3,"108":3,"109":3,"110":1,"111":346,"112":4,"113":4,"114":346,"115":3,"116":3,"117":3,"118":2,"119":2,"120":2,"121":2,"122":1,"123":2,"124":2,"125":2,"126":1,"127":346,"128":1757,"129":346,"130":44,"131":9,"132":9,"133":8,"134":8,"135":10,"136":1,"137":1757,"138":4,"139":4,"140":4,"141":4,"142":4,"143":5,"144":9,"145":3,"146":1,"147":9,"148":8,"149":4,"150":4,"151":4,"152":4,"153":4,"154":8,"155":52,"156":8,"157":8,"158":1,"159":1,"160":1,"161":1,"162":3,"163":3,"164":1,"165":1757,"166":1,"167":1},"f":{"0":346,"1":2,"2":53,"3":53,"4":53,"5":10,"6":692,"7":9,"8":5,"9":5,"10":9,"11":4,"12":4,"13":4,"14":4,"15":3,"16":1757,"17":44,"18":9,"19":9,"20":8,"21":8,"22":10,"23":1,"24":1757,"25":4,"26":4,"27":5,"28":9,"29":3,"30":1,"31":9,"32":52,"33":8,"34":8,"35":1,"36":1,"37":3,"38":1,"39":1757,"40":1,"41":1},"b":{"0":[43,10],"1":[43,10],"2":[49,1],"3":[28,21],"4":[1,27],"5":[53,52],"6":[8,2],"7":[10,8],"8":[18,2,672],"9":[4,1],"10":[4,1],"11":[4,1],"12":[5,5,3],"13":[9,8,8],"14":[3,1],"15":[2,1],"16":[1,1],"17":[3,1],"18":[2,1],"19":[1,1],"20":[2,1],"21":[1,1],"22":[1151,606],"23":[1273,484],"24":[1151,606],"25":[1273,484],"26":[31,315],"27":[8,1],"28":[4,4],"29":[346,305],"30":[346,306],"31":[31,315],"32":[346,330],"33":[1151,606],"34":[1273,484]},"_coverageSchema":"1a1c01bbd47fc00a2c39e90264f33305004495a9","hash":"5003b3783f6d19dff29242d0e181674fc7ec8d40"}
,"/Users/aaron1013_chen/Documents/git/react/src/components/footer/index.js": {"path":"/Users/aaron1013_chen/Documents/git/react/src/components/footer/index.js","statementMap":{"0":{"start":{"line":5,"column":2},"end":{"line":9,"column":4}}},"fnMap":{"0":{"name":"Footer","decl":{"start":{"line":4,"column":9},"end":{"line":4,"column":15}},"loc":{"start":{"line":4,"column":18},"end":{"line":10,"column":1}},"line":4}},"branchMap":{},"s":{"0":1},"f":{"0":1},"b":{},"_coverageSchema":"1a1c01bbd47fc00a2c39e90264f33305004495a9","hash":"94c496d41fd438109514e30cc817748c9a6a180e"}
,"/Users/aaron1013_chen/Documents/git/react/src/components/header/index.js": {"path":"/Users/aaron1013_chen/Documents/git/react/src/components/header/index.js","statementMap":{"0":{"start":{"line":7,"column":2},"end":{"line":20,"column":4}}},"fnMap":{"0":{"name":"Header","decl":{"start":{"line":6,"column":9},"end":{"line":6,"column":15}},"loc":{"start":{"line":6,"column":18},"end":{"line":21,"column":1}},"line":6}},"branchMap":{},"s":{"0":1},"f":{"0":1},"b":{},"_coverageSchema":"1a1c01bbd47fc00a2c39e90264f33305004495a9","hash":"89200b1db6b9fb17c3d70dbd5e98caad960ad543"}
,"/Users/aaron1013_chen/Documents/git/react/src/components/menu/index.js": {"path":"/Users/aaron1013_chen/Documents/git/react/src/components/menu/index.js","statementMap":{"0":{"start":{"line":9,"column":17},"end":{"line":64,"column":1}},"1":{"start":{"line":11,"column":16},"end":{"line":11,"column":32}},"2":{"start":{"line":13,"column":38},"end":{"line":13,"column":48}},"3":{"start":{"line":15,"column":25},"end":{"line":18,"column":3}},"4":{"start":{"line":16,"column":4},"end":{"line":16,"column":29}},"5":{"start":{"line":17,"column":4},"end":{"line":17,"column":29}},"6":{"start":{"line":20,"column":19},"end":{"line":25,"column":3}},"7":{"start":{"line":27,"column":2},"end":{"line":63,"column":4}},"8":{"start":{"line":32,"column":12},"end":{"line":39,"column":14}},"9":{"start":{"line":38,"column":29},"end":{"line":38,"column":51}},"10":{"start":{"line":47,"column":10},"end":{"line":47,"column":39}},"11":{"start":{"line":48,"column":10},"end":{"line":48,"column":34}},"12":{"start":{"line":56,"column":10},"end":{"line":56,"column":39}},"13":{"start":{"line":57,"column":10},"end":{"line":57,"column":34}}},"fnMap":{"0":{"name":"(anonymous_0)","decl":{"start":{"line":9,"column":17},"end":{"line":9,"column":18}},"loc":{"start":{"line":9,"column":23},"end":{"line":64,"column":1}},"line":9},"1":{"name":"(anonymous_1)","decl":{"start":{"line":15,"column":25},"end":{"line":15,"column":26}},"loc":{"start":{"line":15,"column":34},"end":{"line":18,"column":3}},"line":15},"2":{"name":"(anonymous_2)","decl":{"start":{"line":31,"column":23},"end":{"line":31,"column":24}},"loc":{"start":{"line":32,"column":12},"end":{"line":39,"column":14}},"line":32},"3":{"name":"(anonymous_3)","decl":{"start":{"line":38,"column":23},"end":{"line":38,"column":24}},"loc":{"start":{"line":38,"column":29},"end":{"line":38,"column":51}},"line":38},"4":{"name":"(anonymous_4)","decl":{"start":{"line":45,"column":17},"end":{"line":45,"column":18}},"loc":{"start":{"line":45,"column":23},"end":{"line":49,"column":9}},"line":45},"5":{"name":"(anonymous_5)","decl":{"start":{"line":54,"column":17},"end":{"line":54,"column":18}},"loc":{"start":{"line":54,"column":23},"end":{"line":58,"column":9}},"line":54}},"branchMap":{"0":{"loc":{"start":{"line":37,"column":22},"end":{"line":37,"column":84}},"type":"binary-expr","locations":[{"start":{"line":37,"column":22},"end":{"line":37,"column":58}},{"start":{"line":37,"column":62},"end":{"line":37,"column":84}}],"line":37}},"s":{"0":2,"1":14,"2":14,"3":14,"4":4,"5":4,"6":14,"7":14,"8":56,"9":4,"10":2,"11":2,"12":2,"13":2},"f":{"0":14,"1":4,"2":56,"3":4,"4":2,"5":2},"b":{"0":[56,42]},"_coverageSchema":"1a1c01bbd47fc00a2c39e90264f33305004495a9","hash":"e9fd08c04e71e13632ca558e26e444d2496de834"}
,"/Users/aaron1013_chen/Documents/git/react/src/components/sidebar/index.js": {"path":"/Users/aaron1013_chen/Documents/git/react/src/components/sidebar/index.js","statementMap":{"0":{"start":{"line":5,"column":2},"end":{"line":9,"column":4}}},"fnMap":{"0":{"name":"Sidebar","decl":{"start":{"line":4,"column":9},"end":{"line":4,"column":16}},"loc":{"start":{"line":4,"column":19},"end":{"line":10,"column":1}},"line":4}},"branchMap":{},"s":{"0":1},"f":{"0":1},"b":{},"_coverageSchema":"1a1c01bbd47fc00a2c39e90264f33305004495a9","hash":"f00cfa63a5a6802da99a4f923a75e3d4d9e2a56b"}
,"/Users/aaron1013_chen/Documents/git/react/src/pages/enable/index.js": {"path":"/Users/aaron1013_chen/Documents/git/react/src/pages/enable/index.js","statementMap":{"0":{"start":{"line":12,"column":19},"end":{"line":55,"column":1}},"1":{"start":{"line":14,"column":16},"end":{"line":14,"column":32}},"2":{"start":{"line":16,"column":28},"end":{"line":16,"column":39}},"3":{"start":{"line":20,"column":20},"end":{"line":30,"column":3}},"4":{"start":{"line":21,"column":21},"end":{"line":21,"column":34}},"5":{"start":{"line":22,"column":19},"end":{"line":22,"column":42}},"6":{"start":{"line":23,"column":4},"end":{"line":29,"column":5}},"7":{"start":{"line":24,"column":6},"end":{"line":26,"column":7}},"8":{"start":{"line":25,"column":8},"end":{"line":25,"column":47}},"9":{"start":{"line":28,"column":6},"end":{"line":28,"column":66}},"10":{"start":{"line":32,"column":2},"end":{"line":41,"column":14}},"11":{"start":{"line":33,"column":4},"end":{"line":33,"column":21}},"12":{"start":{"line":34,"column":4},"end":{"line":34,"column":16}},"13":{"start":{"line":35,"column":4},"end":{"line":35,"column":56}},"14":{"start":{"line":37,"column":4},"end":{"line":40,"column":6}},"15":{"start":{"line":39,"column":6},"end":{"line":39,"column":24}},"16":{"start":{"line":43,"column":2},"end":{"line":54,"column":4}}},"fnMap":{"0":{"name":"(anonymous_0)","decl":{"start":{"line":12,"column":19},"end":{"line":12,"column":20}},"loc":{"start":{"line":12,"column":25},"end":{"line":55,"column":1}},"line":12},"1":{"name":"(anonymous_1)","decl":{"start":{"line":20,"column":20},"end":{"line":20,"column":21}},"loc":{"start":{"line":20,"column":32},"end":{"line":30,"column":3}},"line":20},"2":{"name":"(anonymous_2)","decl":{"start":{"line":32,"column":12},"end":{"line":32,"column":13}},"loc":{"start":{"line":32,"column":18},"end":{"line":41,"column":3}},"line":32},"3":{"name":"(anonymous_3)","decl":{"start":{"line":37,"column":11},"end":{"line":37,"column":12}},"loc":{"start":{"line":37,"column":17},"end":{"line":40,"column":5}},"line":37}},"branchMap":{"0":{"loc":{"start":{"line":23,"column":4},"end":{"line":29,"column":5}},"type":"if","locations":[{"start":{"line":23,"column":4},"end":{"line":29,"column":5}},{"start":{"line":23,"column":4},"end":{"line":29,"column":5}}],"line":23},"1":{"loc":{"start":{"line":24,"column":6},"end":{"line":26,"column":7}},"type":"if","locations":[{"start":{"line":24,"column":6},"end":{"line":26,"column":7}},{"start":{"line":24,"column":6},"end":{"line":26,"column":7}}],"line":24},"2":{"loc":{"start":{"line":35,"column":24},"end":{"line":35,"column":54}},"type":"binary-expr","locations":[{"start":{"line":35,"column":24},"end":{"line":35,"column":43}},{"start":{"line":35,"column":47},"end":{"line":35,"column":54}}],"line":35}},"s":{"0":2,"1":12,"2":12,"3":12,"4":6,"5":6,"6":5,"7":4,"8":3,"9":1,"10":12,"11":6,"12":6,"13":6,"14":6,"15":6,"16":12},"f":{"0":12,"1":6,"2":6,"3":6},"b":{"0":[4,1],"1":[3,1],"2":[6,6]},"_coverageSchema":"1a1c01bbd47fc00a2c39e90264f33305004495a9","hash":"db0898e87cd0f49607ae3cbf303f4b8a96f6ff9e"}
,"/Users/aaron1013_chen/Documents/git/react/src/pages/home/index.js": {"path":"/Users/aaron1013_chen/Documents/git/react/src/pages/home/index.js","statementMap":{"0":{"start":{"line":10,"column":17},"end":{"line":27,"column":1}},"1":{"start":{"line":12,"column":16},"end":{"line":12,"column":32}},"2":{"start":{"line":14,"column":2},"end":{"line":16,"column":9}},"3":{"start":{"line":15,"column":4},"end":{"line":15,"column":56}},"4":{"start":{"line":18,"column":2},"end":{"line":26,"column":4}}},"fnMap":{"0":{"name":"(anonymous_0)","decl":{"start":{"line":10,"column":17},"end":{"line":10,"column":18}},"loc":{"start":{"line":10,"column":23},"end":{"line":27,"column":1}},"line":10},"1":{"name":"(anonymous_1)","decl":{"start":{"line":14,"column":12},"end":{"line":14,"column":13}},"loc":{"start":{"line":14,"column":18},"end":{"line":16,"column":3}},"line":14}},"branchMap":{"0":{"loc":{"start":{"line":15,"column":24},"end":{"line":15,"column":54}},"type":"binary-expr","locations":[{"start":{"line":15,"column":24},"end":{"line":15,"column":43}},{"start":{"line":15,"column":47},"end":{"line":15,"column":54}}],"line":15}},"s":{"0":1,"1":3,"2":3,"3":1,"4":3},"f":{"0":3,"1":1},"b":{"0":[1,1]},"_coverageSchema":"1a1c01bbd47fc00a2c39e90264f33305004495a9","hash":"73bebd76ef59f666fa643cd653ff14f53d3c6556"}
,"/Users/aaron1013_chen/Documents/git/react/src/pages/locked/index.js": {"path":"/Users/aaron1013_chen/Documents/git/react/src/pages/locked/index.js","statementMap":{"0":{"start":{"line":13,"column":19},"end":{"line":54,"column":1}},"1":{"start":{"line":15,"column":16},"end":{"line":15,"column":32}},"2":{"start":{"line":17,"column":28},"end":{"line":17,"column":39}},"3":{"start":{"line":20,"column":20},"end":{"line":30,"column":3}},"4":{"start":{"line":21,"column":21},"end":{"line":21,"column":34}},"5":{"start":{"line":22,"column":19},"end":{"line":22,"column":42}},"6":{"start":{"line":23,"column":4},"end":{"line":29,"column":5}},"7":{"start":{"line":24,"column":6},"end":{"line":26,"column":7}},"8":{"start":{"line":25,"column":8},"end":{"line":25,"column":47}},"9":{"start":{"line":28,"column":6},"end":{"line":28,"column":66}},"10":{"start":{"line":32,"column":2},"end":{"line":40,"column":14}},"11":{"start":{"line":33,"column":4},"end":{"line":33,"column":21}},"12":{"start":{"line":34,"column":4},"end":{"line":34,"column":16}},"13":{"start":{"line":35,"column":4},"end":{"line":35,"column":56}},"14":{"start":{"line":36,"column":4},"end":{"line":39,"column":6}},"15":{"start":{"line":38,"column":6},"end":{"line":38,"column":24}},"16":{"start":{"line":42,"column":2},"end":{"line":53,"column":4}}},"fnMap":{"0":{"name":"(anonymous_0)","decl":{"start":{"line":13,"column":19},"end":{"line":13,"column":20}},"loc":{"start":{"line":13,"column":25},"end":{"line":54,"column":1}},"line":13},"1":{"name":"(anonymous_1)","decl":{"start":{"line":20,"column":20},"end":{"line":20,"column":21}},"loc":{"start":{"line":20,"column":32},"end":{"line":30,"column":3}},"line":20},"2":{"name":"(anonymous_2)","decl":{"start":{"line":32,"column":12},"end":{"line":32,"column":13}},"loc":{"start":{"line":32,"column":18},"end":{"line":40,"column":3}},"line":32},"3":{"name":"(anonymous_3)","decl":{"start":{"line":36,"column":11},"end":{"line":36,"column":12}},"loc":{"start":{"line":36,"column":17},"end":{"line":39,"column":5}},"line":36}},"branchMap":{"0":{"loc":{"start":{"line":23,"column":4},"end":{"line":29,"column":5}},"type":"if","locations":[{"start":{"line":23,"column":4},"end":{"line":29,"column":5}},{"start":{"line":23,"column":4},"end":{"line":29,"column":5}}],"line":23},"1":{"loc":{"start":{"line":24,"column":6},"end":{"line":26,"column":7}},"type":"if","locations":[{"start":{"line":24,"column":6},"end":{"line":26,"column":7}},{"start":{"line":24,"column":6},"end":{"line":26,"column":7}}],"line":24},"2":{"loc":{"start":{"line":35,"column":24},"end":{"line":35,"column":54}},"type":"binary-expr","locations":[{"start":{"line":35,"column":24},"end":{"line":35,"column":43}},{"start":{"line":35,"column":47},"end":{"line":35,"column":54}}],"line":35}},"s":{"0":2,"1":12,"2":12,"3":12,"4":6,"5":6,"6":5,"7":4,"8":3,"9":1,"10":12,"11":6,"12":6,"13":6,"14":6,"15":6,"16":12},"f":{"0":12,"1":6,"2":6,"3":6},"b":{"0":[4,1],"1":[3,1],"2":[6,6]},"_coverageSchema":"1a1c01bbd47fc00a2c39e90264f33305004495a9","hash":"d46096210d5a68a1b952af3af890950c5e88f65d"}
,"/Users/aaron1013_chen/Documents/git/react/src/pages/myAccount/index.js": {"path":"/Users/aaron1013_chen/Documents/git/react/src/pages/myAccount/index.js","statementMap":{"0":{"start":{"line":5,"column":2},"end":{"line":7,"column":4}}},"fnMap":{"0":{"name":"MyAccountPage","decl":{"start":{"line":4,"column":9},"end":{"line":4,"column":22}},"loc":{"start":{"line":4,"column":25},"end":{"line":8,"column":1}},"line":4}},"branchMap":{},"s":{"0":1},"f":{"0":1},"b":{},"_coverageSchema":"1a1c01bbd47fc00a2c39e90264f33305004495a9","hash":"2acfcd21dd94282483471ad7729fa7d471169b68"}
}
