TN:
SF:src/App.js
FN:20,App
FNF:1
FNH:1
FNDA:1,App
DA:21,1
LF:1
LH:1
BRF:0
BRH:0
end_of_record
TN:
SF:src/api/api.js
FN:6,(anonymous_0)
FN:7,(anonymous_1)
FN:17,(anonymous_2)
FN:18,(anonymous_3)
FN:19,(anonymous_4)
FN:20,(anonymous_5)
FNF:6
FNH:6
FNDA:65,(anonymous_0)
FNDA:6,(anonymous_1)
FNDA:65,(anonymous_2)
FNDA:4,(anonymous_3)
FNDA:4,(anonymous_4)
FNDA:3,(anonymous_5)
DA:3,4
DA:5,4
DA:6,65
DA:8,6
DA:13,6
DA:17,65
DA:18,4
DA:19,4
DA:20,4
LF:9
LH:9
BRF:0
BRH:0
end_of_record
TN:
SF:src/components/NumberLists/index.js
FN:20,(anonymous_0)
FN:92,(anonymous_1)
FN:99,(anonymous_2)
FN:122,(anonymous_3)
FN:126,(anonymous_4)
FN:133,(anonymous_5)
FN:150,(anonymous_6)
FN:166,(anonymous_7)
FN:175,(anonymous_8)
FN:183,(anonymous_9)
FN:202,(anonymous_10)
FN:210,(anonymous_11)
FN:230,(anonymous_12)
FN:241,(anonymous_13)
FN:262,(anonymous_14)
FN:271,(anonymous_15)
FN:290,(anonymous_16)
FN:312,(anonymous_17)
FN:326,(anonymous_18)
FN:340,(anonymous_19)
FN:352,(anonymous_20)
FN:364,(anonymous_21)
FN:370,(anonymous_22)
FN:371,(anonymous_23)
FN:394,(anonymous_24)
FN:405,(anonymous_25)
FN:419,(anonymous_26)
FN:437,(anonymous_27)
FN:443,(anonymous_28)
FN:450,(anonymous_29)
FN:459,(anonymous_30)
FN:467,(anonymous_31)
FN:487,(anonymous_32)
FN:500,(anonymous_33)
FN:513,(anonymous_34)
FN:525,(anonymous_35)
FN:550,(anonymous_36)
FN:553,(anonymous_37)
FN:560,(anonymous_38)
FN:577,(anonymous_39)
FN:595,(anonymous_40)
FN:605,(anonymous_41)
FNF:42
FNH:42
FNDA:346,(anonymous_0)
FNDA:2,(anonymous_1)
FNDA:53,(anonymous_2)
FNDA:53,(anonymous_3)
FNDA:53,(anonymous_4)
FNDA:10,(anonymous_5)
FNDA:692,(anonymous_6)
FNDA:9,(anonymous_7)
FNDA:5,(anonymous_8)
FNDA:5,(anonymous_9)
FNDA:9,(anonymous_10)
FNDA:4,(anonymous_11)
FNDA:4,(anonymous_12)
FNDA:4,(anonymous_13)
FNDA:4,(anonymous_14)
FNDA:3,(anonymous_15)
FNDA:1757,(anonymous_16)
FNDA:44,(anonymous_17)
FNDA:9,(anonymous_18)
FNDA:9,(anonymous_19)
FNDA:8,(anonymous_20)
FNDA:8,(anonymous_21)
FNDA:10,(anonymous_22)
FNDA:1,(anonymous_23)
FNDA:1757,(anonymous_24)
FNDA:4,(anonymous_25)
FNDA:4,(anonymous_26)
FNDA:5,(anonymous_27)
FNDA:9,(anonymous_28)
FNDA:3,(anonymous_29)
FNDA:1,(anonymous_30)
FNDA:9,(anonymous_31)
FNDA:52,(anonymous_32)
FNDA:8,(anonymous_33)
FNDA:8,(anonymous_34)
FNDA:1,(anonymous_35)
FNDA:1,(anonymous_36)
FNDA:3,(anonymous_37)
FNDA:1,(anonymous_38)
FNDA:1757,(anonymous_39)
FNDA:1,(anonymous_40)
FNDA:1,(anonymous_41)
DA:20,2
DA:22,346
DA:27,346
DA:36,346
DA:39,346
DA:44,346
DA:49,346
DA:53,346
DA:59,346
DA:60,346
DA:61,346
DA:63,346
DA:66,346
DA:67,346
DA:68,346
DA:70,346
DA:77,346
DA:81,346
DA:82,346
DA:89,346
DA:92,346
DA:93,2
DA:94,2
DA:99,346
DA:100,53
DA:101,53
DA:102,43
DA:104,53
DA:105,43
DA:107,53
DA:108,50
DA:109,49
DA:110,28
DA:111,28
DA:112,28
DA:113,1
DA:114,1
DA:118,1
DA:122,346
DA:123,53
DA:124,53
DA:125,53
DA:126,53
DA:128,53
DA:133,346
DA:134,10
DA:140,10
DA:141,8
DA:142,8
DA:144,2
DA:145,2
DA:147,10
DA:150,346
DA:152,692
DA:154,18
DA:155,18
DA:157,2
DA:158,2
DA:160,672
DA:161,672
DA:163,692
DA:166,346
DA:167,9
DA:175,346
DA:176,5
DA:180,5
DA:183,346
DA:184,5
DA:189,5
DA:190,4
DA:192,5
DA:193,4
DA:195,5
DA:196,4
DA:198,5
DA:202,346
DA:203,9
DA:204,9
DA:205,9
DA:206,9
DA:207,9
DA:210,346
DA:211,4
DA:212,4
DA:213,3
DA:214,2
DA:215,2
DA:216,2
DA:217,2
DA:218,1
DA:220,2
DA:221,2
DA:223,3
DA:225,1
DA:230,346
DA:231,4
DA:237,4
DA:241,346
DA:242,4
DA:243,4
DA:244,4
DA:245,3
DA:246,3
DA:247,3
DA:248,3
DA:249,2
DA:250,1
DA:253,3
DA:254,3
DA:255,3
DA:257,1
DA:262,346
DA:263,4
DA:267,4
DA:271,346
DA:272,3
DA:273,3
DA:274,3
DA:275,2
DA:276,2
DA:277,2
DA:278,2
DA:279,1
DA:281,2
DA:282,2
DA:283,2
DA:285,1
DA:290,346
DA:291,1757
DA:300,346
DA:313,44
DA:326,9
DA:340,9
DA:353,8
DA:365,8
DA:370,10
DA:371,1
DA:395,1757
DA:406,4
DA:407,4
DA:408,4
DA:420,4
DA:421,4
DA:437,5
DA:443,9
DA:450,3
DA:459,1
DA:468,9
DA:469,8
DA:470,4
DA:471,4
DA:472,4
DA:474,4
DA:475,4
DA:477,8
DA:488,52
DA:501,8
DA:514,8
DA:526,1
DA:527,1
DA:528,1
DA:551,1
DA:554,3
DA:555,3
DA:560,1
DA:578,1757
DA:596,1
DA:606,1
LF:168
LH:168
BRDA:101,0,0,43
BRDA:101,0,1,10
BRDA:104,1,0,43
BRDA:104,1,1,10
BRDA:108,2,0,49
BRDA:108,2,1,1
BRDA:109,3,0,28
BRDA:109,3,1,21
BRDA:112,4,0,1
BRDA:112,4,1,27
BRDA:125,5,0,53
BRDA:125,5,1,52
BRDA:140,6,0,8
BRDA:140,6,1,2
BRDA:140,7,0,10
BRDA:140,7,1,8
BRDA:152,8,0,18
BRDA:152,8,1,2
BRDA:152,8,2,672
BRDA:189,9,0,4
BRDA:189,9,1,1
BRDA:192,10,0,4
BRDA:192,10,1,1
BRDA:195,11,0,4
BRDA:195,11,1,1
BRDA:198,12,0,5
BRDA:198,12,1,5
BRDA:198,12,2,3
BRDA:206,13,0,9
BRDA:206,13,1,8
BRDA:206,13,2,8
BRDA:212,14,0,3
BRDA:212,14,1,1
BRDA:213,15,0,2
BRDA:213,15,1,1
BRDA:217,16,0,1
BRDA:217,16,1,1
BRDA:244,17,0,3
BRDA:244,17,1,1
BRDA:248,18,0,2
BRDA:248,18,1,1
BRDA:249,19,0,1
BRDA:249,19,1,1
BRDA:274,20,0,2
BRDA:274,20,1,1
BRDA:278,21,0,1
BRDA:278,21,1,1
BRDA:295,22,0,1151
BRDA:295,22,1,606
BRDA:296,23,0,1273
BRDA:296,23,1,484
BRDA:399,24,0,1151
BRDA:399,24,1,606
BRDA:400,25,0,1273
BRDA:400,25,1,484
BRDA:462,26,0,31
BRDA:462,26,1,315
BRDA:468,27,0,8
BRDA:468,27,1,1
BRDA:469,28,0,4
BRDA:469,28,1,4
BRDA:503,29,0,346
BRDA:503,29,1,305
BRDA:516,30,0,346
BRDA:516,30,1,306
BRDA:534,31,0,31
BRDA:534,31,1,315
BRDA:545,32,0,346
BRDA:545,32,1,330
BRDA:582,33,0,1151
BRDA:582,33,1,606
BRDA:583,34,0,1273
BRDA:583,34,1,484
BRF:73
BRH:73
end_of_record
TN:
SF:src/components/footer/index.js
FN:4,Footer
FNF:1
FNH:1
FNDA:1,Footer
DA:5,1
LF:1
LH:1
BRF:0
BRH:0
end_of_record
TN:
SF:src/components/header/index.js
FN:6,Header
FNF:1
FNH:1
FNDA:1,Header
DA:7,1
LF:1
LH:1
BRF:0
BRH:0
end_of_record
TN:
SF:src/components/menu/index.js
FN:9,(anonymous_0)
FN:15,(anonymous_1)
FN:31,(anonymous_2)
FN:38,(anonymous_3)
FN:45,(anonymous_4)
FN:54,(anonymous_5)
FNF:6
FNH:6
FNDA:14,(anonymous_0)
FNDA:4,(anonymous_1)
FNDA:56,(anonymous_2)
FNDA:4,(anonymous_3)
FNDA:2,(anonymous_4)
FNDA:2,(anonymous_5)
DA:9,2
DA:11,14
DA:13,14
DA:15,14
DA:16,4
DA:17,4
DA:20,14
DA:27,14
DA:32,56
DA:38,4
DA:47,2
DA:48,2
DA:56,2
DA:57,2
LF:14
LH:14
BRDA:37,0,0,56
BRDA:37,0,1,42
BRF:2
BRH:2
end_of_record
TN:
SF:src/components/sidebar/index.js
FN:4,Sidebar
FNF:1
FNH:1
FNDA:1,Sidebar
DA:5,1
LF:1
LH:1
BRF:0
BRH:0
end_of_record
TN:
SF:src/pages/enable/index.js
FN:12,(anonymous_0)
FN:20,(anonymous_1)
FN:32,(anonymous_2)
FN:37,(anonymous_3)
FNF:4
FNH:4
FNDA:12,(anonymous_0)
FNDA:6,(anonymous_1)
FNDA:6,(anonymous_2)
FNDA:6,(anonymous_3)
DA:12,2
DA:14,12
DA:16,12
DA:20,12
DA:21,6
DA:22,6
DA:23,5
DA:24,4
DA:25,3
DA:28,1
DA:32,12
DA:33,6
DA:34,6
DA:35,6
DA:37,6
DA:39,6
DA:43,12
LF:17
LH:17
BRDA:23,0,0,4
BRDA:23,0,1,1
BRDA:24,1,0,3
BRDA:24,1,1,1
BRDA:35,2,0,6
BRDA:35,2,1,6
BRF:6
BRH:6
end_of_record
TN:
SF:src/pages/home/index.js
FN:10,(anonymous_0)
FN:14,(anonymous_1)
FNF:2
FNH:2
FNDA:3,(anonymous_0)
FNDA:1,(anonymous_1)
DA:10,1
DA:12,3
DA:14,3
DA:15,1
DA:18,3
LF:5
LH:5
BRDA:15,0,0,1
BRDA:15,0,1,1
BRF:2
BRH:2
end_of_record
TN:
SF:src/pages/locked/index.js
FN:13,(anonymous_0)
FN:20,(anonymous_1)
FN:32,(anonymous_2)
FN:36,(anonymous_3)
FNF:4
FNH:4
FNDA:12,(anonymous_0)
FNDA:6,(anonymous_1)
FNDA:6,(anonymous_2)
FNDA:6,(anonymous_3)
DA:13,2
DA:15,12
DA:17,12
DA:20,12
DA:21,6
DA:22,6
DA:23,5
DA:24,4
DA:25,3
DA:28,1
DA:32,12
DA:33,6
DA:34,6
DA:35,6
DA:36,6
DA:38,6
DA:42,12
LF:17
LH:17
BRDA:23,0,0,4
BRDA:23,0,1,1
BRDA:24,1,0,3
BRDA:24,1,1,1
BRDA:35,2,0,6
BRDA:35,2,1,6
BRF:6
BRH:6
end_of_record
TN:
SF:src/pages/myAccount/index.js
FN:4,MyAccountPage
FNF:1
FNH:1
FNDA:1,MyAccountPage
DA:5,1
LF:1
LH:1
BRF:0
BRH:0
end_of_record
